\BOOKMARK [0][]{chapter.1}{\376\377\0001\000\040\000\040\176\352\213\272}{}% 1
\BOOKMARK [1][]{section.1.1}{\376\377\0001\000.\0001\000\040\170\024\172\166\200\314\146\157\116\016\141\017\116\111}{chapter.1}% 2
\BOOKMARK [1][]{section.1.2}{\376\377\0001\000.\0002\000\040\225\356\230\230\133\232\116\111\116\016\170\024\172\166\121\205\133\271}{chapter.1}% 3
\BOOKMARK [2][]{subsection.1.2.1}{\376\377\0001\000.\0002\000.\0001\000\040\225\356\230\230\133\232\116\111}{section.1.2}% 4
\BOOKMARK [2][]{subsection.1.2.2}{\376\377\0001\000.\0002\000.\0002\000\040\170\024\172\166\121\205\133\271}{section.1.2}% 5
\BOOKMARK [1][]{section.1.3}{\376\377\0001\000.\0003\000\040\116\073\211\201\135\345\117\134\116\016\122\033\145\260\160\271}{chapter.1}% 6
\BOOKMARK [1][]{section.1.4}{\376\377\0001\000.\0004\000\040\142\200\147\057\215\357\176\277\377\010\171\072\141\017\377\011}{chapter.1}% 7
\BOOKMARK [1][]{section.1.5}{\376\377\0001\000.\0005\000\040\213\272\145\207\176\323\147\204}{chapter.1}% 8
\BOOKMARK [0][]{chapter.2}{\376\377\0002\000\040\000\040\166\370\121\163\135\345\117\134\116\016\142\200\147\057\200\314\146\157}{}% 9
\BOOKMARK [1][]{section.2.1}{\376\377\0002\000.\0001\000\040\131\032\152\041\140\001\207\215\124\010\116\016\123\357\227\140\140\047\136\372\152\041}{chapter.2}% 10
\BOOKMARK [2][]{subsection.2.1.1}{\376\377\0002\000.\0001\000.\0001\000\040\154\350\141\017\122\233\147\072\122\066\116\016\147\103\221\315\137\122\116\000\123\026}{section.2.1}% 11
\BOOKMARK [2][]{subsection.2.1.2}{\376\377\0002\000.\0001\000.\0002\000\040\116\015\170\156\133\232\140\047\116\016\215\050\221\317\136\246\221\317}{section.2.1}% 12
\BOOKMARK [1][]{section.2.2}{\376\377\0002\000.\0002\000\040\137\072\123\026\133\146\116\140\127\050\145\340\116\272\147\072\133\374\202\052\116\055\166\204\136\224\165\050}{chapter.2}% 13
\BOOKMARK [1][]{section.2.3}{\376\377\0002\000.\0003\000\040\147\054\145\207\145\271\154\325\133\232\117\115}{chapter.2}% 14
\BOOKMARK [0][]{chapter.3}{\376\377\0003\000\040\000\040\174\373\176\337\140\073\117\123\213\276\213\241\116\016\145\271\154\325\151\202\217\360}{}% 15
\BOOKMARK [1][]{section.3.1}{\376\377\0003\000.\0001\000\040\174\373\176\337\217\223\121\145\116\016\217\223\121\372}{chapter.3}% 16
\BOOKMARK [1][]{section.3.2}{\376\377\0003\000.\0002\000\040\116\377\167\037\163\257\130\203\116\016\116\244\116\222\143\245\123\343}{chapter.3}% 17
\BOOKMARK [2][]{subsection.3.2.1}{\376\377\0003\000.\0002\000.\0001\000\040\211\302\155\113\172\172\225\364}{section.3.2}% 18
\BOOKMARK [2][]{subsection.3.2.2}{\376\377\0003\000.\0002\000.\0002\000\040\122\250\117\134\172\172\225\364}{section.3.2}% 19
\BOOKMARK [2][]{subsection.3.2.3}{\376\377\0003\000.\0002\000.\0003\000\040\131\126\122\261\121\375\145\160\377\010\116\016\116\343\170\001\116\000\201\364\166\204\137\142\137\017\123\026\210\150\217\276\377\011}{section.3.2}% 20
\BOOKMARK [1][]{section.3.3}{\376\377\0003\000.\0003\000\040\123\357\227\140\140\047\141\037\167\345\207\215\124\010\155\101\172\013}{chapter.3}% 21
\BOOKMARK [1][]{section.3.4}{\376\377\0003\000.\0004\000\040\173\046\123\367\116\016\176\246\133\232}{chapter.3}% 22
\BOOKMARK [1][]{section.3.5}{\376\377\0003\000.\0005\000\040\116\016\137\072\123\026\133\146\116\140\213\255\176\303\166\204\226\306\142\020}{chapter.3}% 23
\BOOKMARK [0][]{chapter.4}{\376\377\0004\000\040\000\040\150\070\137\303\145\271\154\325\060\001\121\163\225\056\173\227\154\325\116\016\164\006\213\272\143\250\133\374}{}% 24
\BOOKMARK [1][]{section.4.1}{\376\377\0004\000.\0001\000\040\203\003\126\364\130\360\146\016\116\016\133\236\163\260\217\271\165\114}{chapter.4}% 25
\BOOKMARK [1][]{section.4.2}{\376\377\0004\000.\0002\000\040\225\356\230\230\137\142\137\017\123\026\116\016\166\356\150\007}{chapter.4}% 26
\BOOKMARK [1][]{section.4.3}{\376\377\0004\000.\0003\000\040\123\357\227\140\140\047\117\060\213\241\126\150\213\276\213\241\116\016\164\006\213\272\143\250\133\374}{chapter.4}% 27
\BOOKMARK [2][]{subsection.4.3.1}{\376\377\0004\000.\0003\000.\0001\000\040\000L\000i\000D\000A\000R\117\341\126\152\153\324\117\060\213\241\377\010\133\306\136\246\000-\127\107\123\000\140\047\207\215\124\010\377\011}{section.4.3}% 28
\BOOKMARK [2][]{subsection.4.3.2}{\376\377\0004\000.\0003\000.\0002\000\040\000R\000G\000B\126\376\120\317\215\050\221\317\213\304\117\060\377\010\131\032\176\364\215\050\221\317\143\007\150\007\377\011}{section.4.3}% 29
\BOOKMARK [2][]{subsection.4.3.3}{\376\377\0004\000.\0003\000.\0003\000\040\000I\000M\000U\116\000\201\364\140\047\150\300\147\345\377\010\157\002\171\373\116\016\137\002\136\070\377\011}{section.4.3}% 30
\BOOKMARK [1][]{section.4.4}{\376\377\0004\000.\0004\000\040\123\357\227\140\140\047\230\204\155\113\177\121\176\334\377\010\121\161\116\253\210\150\137\201\377\011}{chapter.4}% 31
\BOOKMARK [1][]{section.4.5}{\376\377\0004\000.\0005\000\040\122\250\140\001\147\103\221\315\122\006\221\115\166\204\164\006\213\272\143\250\133\374}{chapter.4}% 32
\BOOKMARK [2][]{subsection.4.5.1}{\376\377\0004\000.\0005\000.\0001\000\040\156\051\136\246\177\051\145\076\166\204\147\201\226\120\122\006\147\220}{section.4.5}% 33
\BOOKMARK [1][]{section.4.6}{\376\377\0004\000.\0006\000\040\162\171\137\201\137\122\116\000\123\026\116\016\123\357\227\140\140\047\214\003\122\066}{chapter.4}% 34
\BOOKMARK [1][]{section.4.7}{\376\377\0004\000.\0007\000\040\172\357\122\060\172\357\207\215\124\010\116\016\143\137\131\061\121\375\145\160}{chapter.4}% 35
\BOOKMARK [1][]{section.4.8}{\376\377\0004\000.\0008\000\040\116\016\137\072\123\026\133\146\116\140\166\204\200\124\124\010\117\030\123\026\377\010\000S\000A\000C\377\011}{chapter.4}% 36
\BOOKMARK [1][]{section.4.9}{\376\377\0004\000.\0009\000\040\164\006\213\272\122\006\147\220\210\145\121\105\377\032\234\201\150\322\140\047\116\016\117\341\140\157\213\272\377\010\127\372\116\216\120\107\213\276\166\204\143\250\133\374\377\011}{chapter.4}% 37
\BOOKMARK [2][]{subsection.4.9.1}{\376\377\0004\000.\0009\000.\0001\000\040\147\000\127\117\140\305\121\265\234\201\150\322\140\047\166\364\211\302\122\006\147\220}{section.4.9}% 38
\BOOKMARK [2][]{subsection.4.9.2}{\376\377\0004\000.\0009\000.\0002\000\040\116\222\117\341\140\157\211\306\211\322\166\204\207\215\124\010\122\250\147\072}{section.4.9}% 39
\BOOKMARK [1][]{section.4.10}{\376\377\0004\000.\0001\0000\000\040\116\016\000S\000B\0003\162\171\137\201\143\320\123\326\126\150\166\204\143\245\123\343\176\246\147\137}{chapter.4}% 40
\BOOKMARK [0][]{chapter.5}{\376\377\0005\000\040\000\040\133\236\232\214\213\276\213\241\116\016\213\304\117\060}{}% 41
\BOOKMARK [1][]{section.5.1}{\376\377\0005\000.\0001\000\040\133\236\232\214\166\356\150\007}{chapter.5}% 42
\BOOKMARK [1][]{section.5.2}{\376\377\0005\000.\0002\000\040\133\236\232\214\213\276\177\156}{chapter.5}% 43
\BOOKMARK [2][]{subsection.5.2.1}{\376\377\0005\000.\0002\000.\0001\000\040\173\227\154\325\116\016\133\236\163\260}{section.5.2}% 44
\BOOKMARK [2][]{subsection.5.2.2}{\376\377\0005\000.\0002\000.\0002\000\040\163\257\130\203\116\016\220\000\123\026\154\350\121\145}{section.5.2}% 45
\BOOKMARK [2][]{subsection.5.2.3}{\376\377\0005\000.\0002\000.\0003\000\040\123\357\131\015\163\260\133\236\232\214\201\032\147\054}{section.5.2}% 46
\BOOKMARK [1][]{section.5.3}{\376\377\0005\000.\0003\000\040\213\304\116\367\143\007\150\007}{chapter.5}% 47
\BOOKMARK [1][]{section.5.4}{\376\377\0005\000.\0004\000\040\133\371\153\324\145\271\154\325}{chapter.5}% 48
\BOOKMARK [1][]{section.5.5}{\376\377\0005\000.\0005\000\040\176\323\147\234\116\016\122\006\147\220\377\010\137\123\122\115\123\357\131\015\163\260\176\323\147\234\377\011}{chapter.5}% 49
\BOOKMARK [2][]{subsection.5.5.1}{\376\377\0005\000.\0005\000.\0001\000\040\116\055\173\111\226\276\136\246\176\323\147\234\377\010\000s\000i\000n\000g\000l\000e\000\040\000s\000e\000e\000d\377\014\000d\000e\000g\000r\000a\000d\000a\000t\000i\000o\000n\000=\0000\000.\0005\377\011}{section.5.5}% 50
\BOOKMARK [2][]{subsection.5.5.2}{\376\377\0005\000.\0005\000.\0002\000\040\126\360\226\276\226\276\136\246\176\323\147\234\377\010\000s\000i\000n\000g\000l\000e\000\040\000s\000e\000e\000d\377\014\000d\000e\000g\000r\000a\000d\000a\000t\000i\000o\000n\000=\0000\000.\0005\377\011}{section.5.5}% 51
\BOOKMARK [2][]{subsection.5.5.3}{\376\377\0005\000.\0005\000.\0003\000\040\126\360\226\276\226\276\136\246\116\011\226\217\147\072\171\315\133\120\154\107\140\073\377\010\000t\000i\000m\000e\000s\000t\000e\000p\000s\000=\0001\0000\0000\0000\377\011}{section.5.5}% 52
\BOOKMARK [2][]{subsection.5.5.4}{\376\377\0005\000.\0005\000.\0004\000\040\176\323\147\234\213\250\213\272}{section.5.5}% 53
\BOOKMARK [1][]{section.5.6}{\376\377\0005\000.\0006\000\040\137\123\122\115\134\100\226\120\116\016\124\016\176\355\217\355\116\343}{chapter.5}% 54
\BOOKMARK [0][]{chapter.6}{\376\377\0006\000\040\000\040\135\345\172\013\133\236\163\260\116\016\131\015\163\260\213\364\146\016}{}% 55
\BOOKMARK [1][]{section.6.1}{\376\377\0006\000.\0001\000\040\116\343\170\001\176\323\147\204}{chapter.6}% 56
\BOOKMARK [1][]{section.6.2}{\376\377\0006\000.\0002\000\040\121\163\225\056\143\245\123\343\116\016\137\040\221\317\137\142\162\266}{chapter.6}% 57
\BOOKMARK [1][]{section.6.3}{\376\377\0006\000.\0003\000\040\152\041\127\213\211\304\152\041\116\016\137\000\225\000}{chapter.6}% 58
\BOOKMARK [1][]{section.6.4}{\376\377\0006\000.\0004\000\040\213\255\176\303\140\047\200\375\117\030\123\026\133\236\163\260}{chapter.6}% 59
\BOOKMARK [1][]{section.6.5}{\376\377\0006\000.\0005\000\040\217\320\210\114\145\271\137\017}{chapter.6}% 60
\BOOKMARK [2][]{subsection.6.5.1}{\376\377\0006\000.\0005\000.\0001\000\040\213\255\176\303\121\145\123\343}{section.6.5}% 61
\BOOKMARK [2][]{subsection.6.5.2}{\376\377\0006\000.\0005\000.\0002\000\040\133\236\232\214\131\127\116\366}{section.6.5}% 62
\BOOKMARK [1][]{section.6.6}{\376\377\0006\000.\0006\000\040\155\113\213\325\116\016\131\015\163\260\162\266\140\001}{chapter.6}% 63
\BOOKMARK [1][]{section.6.7}{\376\377\0006\000.\0007\000\040\147\052\133\214\142\020\116\213\230\171}{chapter.6}% 64
\BOOKMARK [0][]{chapter*.5}{\376\377\140\073\176\323}{}% 65
\BOOKMARK [0][]{chapter*.6}{\376\377\201\364\214\042}{}% 66
\BOOKMARK [0][]{section*.7}{\376\377\123\302\200\003\145\207\163\056}{}% 67
\BOOKMARK [0][]{appendix.A}{\376\377\226\104\137\125\000\040\000A\000\040\000\040\136\070\211\301\225\356\230\230}{}% 68
\BOOKMARK [0][]{appendix.B}{\376\377\226\104\137\125\000\040\000B\000\040\000\040\200\124\174\373\142\021\116\354}{}% 69
\BOOKMARK [0][]{appendix.C}{\376\377\226\104\137\125\000\040\000C\000\040\000\040\230\171\166\356\217\333\134\125\142\245\124\112\377\010\133\374\136\010\133\241\226\005\377\011}{}% 70
\BOOKMARK [1][]{section.C.1}{\376\377\000C\000.\0001\000\040\142\245\124\112\213\364\146\016}{appendix.C}% 71
\BOOKMARK [1][]{section.C.2}{\376\377\000C\000.\0002\000\040\230\171\166\356\133\232\117\115\116\016\166\356\150\007}{appendix.C}% 72
\BOOKMARK [1][]{section.C.3}{\376\377\000C\000.\0003\000\040\137\123\122\115\133\214\142\020\140\305\121\265}{appendix.C}% 73
\BOOKMARK [2][]{subsection.C.3.1}{\376\377\000C\000.\0003\000.\0001\000\040\145\271\154\325\116\016\135\345\172\013\133\236\163\260}{section.C.3}% 74
\BOOKMARK [2][]{subsection.C.3.2}{\376\377\000C\000.\0003\000.\0002\000\040\213\255\176\303\140\047\200\375\117\030\123\026}{section.C.3}% 75
\BOOKMARK [2][]{subsection.C.3.3}{\376\377\000C\000.\0003\000.\0003\000\040\155\113\213\325\162\266\140\001}{section.C.3}% 76
\BOOKMARK [1][]{section.C.4}{\376\377\000C\000.\0004\000\040\226\066\153\265\221\317\123\026\176\323\147\234}{appendix.C}% 77
\BOOKMARK [2][]{subsection.C.4.1}{\376\377\000C\000.\0004\000.\0001\000\040\137\123\122\115\123\357\131\015\163\260\176\323\147\234\377\010\000d\000e\000g\000r\000a\000d\000a\000t\000i\000o\000n\000=\0000\000.\0005\377\011}{section.C.4}% 78
\BOOKMARK [1][]{section.C.5}{\376\377\000C\000.\0005\000\040\121\163\225\056\225\356\230\230\116\016\142\020\126\340\122\006\147\220}{appendix.C}% 79
\BOOKMARK [2][]{subsection.C.5.1}{\376\377\000C\000.\0005\000.\0001\000\040\121\163\116\216\040\034\142\020\122\237\163\207\116\072\0000\040\035}{section.C.5}% 80
\BOOKMARK [2][]{subsection.C.5.2}{\376\377\000C\000.\0005\000.\0002\000\040\232\214\213\301\176\323\213\272}{section.C.5}% 81
\BOOKMARK [1][]{section.C.6}{\376\377\000C\000.\0006\000\040\124\016\176\355\213\255\176\303\213\241\122\022}{appendix.C}% 82
\BOOKMARK [2][]{subsection.C.6.1}{\376\377\000C\000.\0006\000.\0001\000\040\213\255\176\303\143\222\147\037\116\016\221\314\172\013\170\221}{section.C.6}% 83
\BOOKMARK [2][]{subsection.C.6.2}{\376\377\000C\000.\0006\000.\0002\000\040\230\204\213\241\117\177\165\050\166\204\121\154\137\000\145\160\143\156\226\306\377\010\150\041\121\306\116\016\154\333\123\026\213\304\155\113\377\011}{section.C.6}% 84
\BOOKMARK [2][]{subsection.C.6.3}{\376\377\000C\000.\0006\000.\0003\000\040\133\371\153\324\127\372\176\277\211\304\122\022}{section.C.6}% 85
\BOOKMARK [2][]{subsection.C.6.4}{\376\377\000C\000.\0006\000.\0004\000\040\213\255\176\303\211\304\152\041\116\016\116\244\116\330\162\151}{section.C.6}% 86
\BOOKMARK [1][]{section.C.7}{\376\377\000C\000.\0007\000\040\215\104\156\220\227\000\154\102\116\016\123\117\117\134\213\367\154\102}{appendix.C}% 87
\BOOKMARK [1][]{section.C.8}{\376\377\000C\000.\0008\000\040\226\066\153\265\176\323\213\272}{appendix.C}% 88
\BOOKMARK [0][]{appendix.D}{\376\377\226\104\137\125\000\040\000D\000\040\000\040\147\000\176\310\226\066\153\265\154\107\142\245\377\010\133\146\165\037\123\343\124\073\377\011}{}% 89
\BOOKMARK [1][]{section.D.1}{\376\377\000D\000.\0001\000\040\142\021\135\362\133\214\142\020\166\204\135\345\117\134}{appendix.D}% 90
\BOOKMARK [2][]{subsection.D.1.1}{\376\377\000D\000.\0001\000.\0001\000\040\145\271\154\325\133\236\163\260}{section.D.1}% 91
\BOOKMARK [2][]{subsection.D.1.2}{\376\377\000D\000.\0001\000.\0002\000\040\133\236\232\214\224\376\215\357}{section.D.1}% 92
\BOOKMARK [2][]{subsection.D.1.3}{\376\377\000D\000.\0001\000.\0003\000\040\140\047\200\375\117\030\123\026}{section.D.1}% 93
\BOOKMARK [1][]{section.D.2}{\376\377\000D\000.\0002\000\040\137\123\122\115\133\236\232\214\176\323\147\234\116\016\164\006\211\343}{appendix.D}% 94
\BOOKMARK [2][]{subsection.D.2.1}{\376\377\000D\000.\0002\000.\0001\000\040\116\055\173\111\226\276\136\246}{section.D.2}% 95
\BOOKMARK [2][]{subsection.D.2.2}{\376\377\000D\000.\0002\000.\0002\000\040\126\360\226\276\226\276\136\246}{section.D.2}% 96
\BOOKMARK [1][]{section.D.3}{\376\377\000D\000.\0003\000\040\121\163\116\216\040\034\142\020\122\237\163\207\116\072\0000\040\035\166\204\123\237\126\340\122\044\145\255}{appendix.D}% 97
\BOOKMARK [1][]{section.D.4}{\376\377\000D\000.\0004\000\040\137\123\122\115\116\015\215\263\116\016\230\316\226\151}{appendix.D}% 98
\BOOKMARK [1][]{section.D.5}{\376\377\000D\000.\0005\000\040\124\016\176\355\213\255\176\303\213\241\122\022}{appendix.D}% 99
\BOOKMARK [2][]{subsection.D.5.1}{\376\377\000D\000.\0005\000.\0001\000\040\213\255\176\303\226\066\153\265\116\016\143\222\147\037\377\010\142\337\142\147\210\114\377\011}{section.D.5}% 100
\BOOKMARK [2][]{subsection.D.5.2}{\376\377\000D\000.\0005\000.\0002\000\040\230\204\213\241\117\177\165\050\166\204\121\154\137\000\145\160\143\156\226\306}{section.D.5}% 101
\BOOKMARK [2][]{subsection.D.5.3}{\376\377\000D\000.\0005\000.\0003\000\040\133\371\153\324\127\372\176\277\156\005\123\125}{section.D.5}% 102
\BOOKMARK [2][]{subsection.D.5.4}{\376\377\000D\000.\0005\000.\0004\000\040\213\255\176\303\211\304\152\041\116\016\230\204\147\037\116\247\121\372}{section.D.5}% 103
\BOOKMARK [1][]{section.D.6}{\376\377\000D\000.\0006\000\040\142\021\136\014\147\033\165\063\213\367\166\204\215\104\156\220\145\057\143\001}{appendix.D}% 104
\BOOKMARK [1][]{section.D.7}{\376\377\000D\000.\0007\000\040\226\066\153\265\140\073\176\323}{appendix.D}% 105
